#! /usr/local/Cellar/icarus-verilog/11.0/bin/vvp
:ivl_version "11.0 (stable)";
:ivl_delay_selection "TYPICAL";
:vpi_time_precision + 0;
:vpi_module "/usr/local/Cellar/icarus-verilog/11.0/lib/ivl/system.vpi";
:vpi_module "/usr/local/Cellar/icarus-verilog/11.0/lib/ivl/vhdl_sys.vpi";
:vpi_module "/usr/local/Cellar/icarus-verilog/11.0/lib/ivl/vhdl_textio.vpi";
:vpi_module "/usr/local/Cellar/icarus-verilog/11.0/lib/ivl/v2005_math.vpi";
:vpi_module "/usr/local/Cellar/icarus-verilog/11.0/lib/ivl/va_math.vpi";
S_0x7feec1507470 .scope module, "register_8_tb" "register_8_tb" 2 1;
 .timescale 0 0;
v0x7feec151ff30_0 .var "clk", 0 0;
v0x7feec151ffe0_0 .var "clr", 0 0;
v0x7feec1520070_0 .var "data_in", 7 0;
v0x7feec1520120_0 .net "data_out", 7 0, v0x7feec151fc70_0;  1 drivers
v0x7feec15201d0_0 .var "en", 0 0;
v0x7feec15202a0_0 .var "load", 0 0;
S_0x7feec15075e0 .scope module, "inst" "register_8" 2 7, 3 1 0, S_0x7feec1507470;
 .timescale 0 0;
    .port_info 0 /INPUT 1 "clk";
    .port_info 1 /INPUT 1 "clr";
    .port_info 2 /INPUT 1 "en";
    .port_info 3 /INPUT 1 "load";
    .port_info 4 /INPUT 8 "data_in";
    .port_info 5 /OUTPUT 8 "data_out";
v0x7feec150a210_0 .net "clk", 0 0, v0x7feec151ff30_0;  1 drivers
v0x7feec151fa80_0 .net "clr", 0 0, v0x7feec151ffe0_0;  1 drivers
v0x7feec151fb20_0 .var "data", 7 0;
v0x7feec151fbc0_0 .net "data_in", 7 0, v0x7feec1520070_0;  1 drivers
v0x7feec151fc70_0 .var "data_out", 7 0;
v0x7feec151fd60_0 .net "en", 0 0, v0x7feec15201d0_0;  1 drivers
v0x7feec151fe00_0 .net "load", 0 0, v0x7feec15202a0_0;  1 drivers
E_0x7feec150c380 .event posedge, v0x7feec150a210_0;
    .scope S_0x7feec15075e0;
T_0 ;
    %wait E_0x7feec150c380;
    %load/vec4 v0x7feec151fd60_0;
    %flag_set/vec4 8;
    %jmp/0xz  T_0.0, 8;
    %load/vec4 v0x7feec151fa80_0;
    %flag_set/vec4 8;
    %jmp/0xz  T_0.2, 8;
    %pushi/vec4 0, 0, 8;
    %store/vec4 v0x7feec151fb20_0, 0, 8;
    %jmp T_0.3;
T_0.2 ;
    %load/vec4 v0x7feec151fe00_0;
    %flag_set/vec4 8;
    %jmp/0xz  T_0.4, 8;
    %load/vec4 v0x7feec151fbc0_0;
    %store/vec4 v0x7feec151fb20_0, 0, 8;
T_0.4 ;
T_0.3 ;
    %load/vec4 v0x7feec151fb20_0;
    %store/vec4 v0x7feec151fc70_0, 0, 8;
    %jmp T_0.1;
T_0.0 ;
    %pushi/vec4 0, 255, 8;
    %store/vec4 v0x7feec151fc70_0, 0, 8;
T_0.1 ;
    %jmp T_0;
    .thread T_0;
    .scope S_0x7feec1507470;
T_1 ;
    %pushi/vec4 0, 0, 1;
    %store/vec4 v0x7feec151ff30_0, 0, 1;
    %pushi/vec4 50, 0, 32;
T_1.0 %dup/vec4;
    %pushi/vec4 0, 0, 32;
    %cmp/s;
    %jmp/1xz T_1.1, 5;
    %jmp/1 T_1.1, 4;
    %pushi/vec4 1, 0, 32;
    %sub;
    %delay 5, 0;
    %load/vec4 v0x7feec151ff30_0;
    %inv;
    %store/vec4 v0x7feec151ff30_0, 0, 1;
    %jmp T_1.0;
T_1.1 ;
    %pop/vec4 1;
    %end;
    .thread T_1;
    .scope S_0x7feec1507470;
T_2 ;
    %pushi/vec4 1, 0, 1;
    %store/vec4 v0x7feec15202a0_0, 0, 1;
    %pushi/vec4 1, 0, 1;
    %store/vec4 v0x7feec15201d0_0, 0, 1;
    %pushi/vec4 255, 0, 8;
    %store/vec4 v0x7feec1520070_0, 0, 8;
    %pushi/vec4 0, 0, 1;
    %store/vec4 v0x7feec151ffe0_0, 0, 1;
    %delay 10, 0;
    %pushi/vec4 0, 0, 1;
    %store/vec4 v0x7feec15202a0_0, 0, 1;
    %delay 10, 0;
    %pushi/vec4 0, 0, 8;
    %store/vec4 v0x7feec1520070_0, 0, 8;
    %delay 10, 0;
    %pushi/vec4 0, 0, 1;
    %store/vec4 v0x7feec15201d0_0, 0, 1;
    %delay 10, 0;
    %pushi/vec4 1, 0, 1;
    %store/vec4 v0x7feec15201d0_0, 0, 1;
    %delay 10, 0;
    %pushi/vec4 1, 0, 1;
    %store/vec4 v0x7feec151ffe0_0, 0, 1;
    %delay 10, 0;
    %pushi/vec4 0, 0, 1;
    %store/vec4 v0x7feec151ffe0_0, 0, 1;
    %end;
    .thread T_2;
    .scope S_0x7feec1507470;
T_3 ;
    %vpi_call 2 29 "$dumpvars", 32'sb00000000000000000000000000000000, v0x7feec151ff30_0, v0x7feec151ffe0_0, v0x7feec15201d0_0, v0x7feec15202a0_0, v0x7feec1520070_0, v0x7feec1520120_0 {0 0 0};
    %end;
    .thread T_3;
# The file index is used to find the file name in the following table.
:file_names 4;
    "N/A";
    "<interactive>";
    "register_8_tb.v";
    "register_8.v";
