#! /usr/local/Cellar/icarus-verilog/11.0/bin/vvp
:ivl_version "11.0 (stable)";
:ivl_delay_selection "TYPICAL";
:vpi_time_precision + 0;
:vpi_module "/usr/local/Cellar/icarus-verilog/11.0/lib/ivl/system.vpi";
:vpi_module "/usr/local/Cellar/icarus-verilog/11.0/lib/ivl/vhdl_sys.vpi";
:vpi_module "/usr/local/Cellar/icarus-verilog/11.0/lib/ivl/vhdl_textio.vpi";
:vpi_module "/usr/local/Cellar/icarus-verilog/11.0/lib/ivl/v2005_math.vpi";
:vpi_module "/usr/local/Cellar/icarus-verilog/11.0/lib/ivl/va_math.vpi";
S_0x7fbc5b905930 .scope module, "clock_module_tb" "clock_module_tb" 2 1;
 .timescale 0 0;
v0x7fbc5b916070_0 .var "adv_clk", 0 0;
v0x7fbc5b916120_0 .net "clk", 0 0, v0x7fbc5b915d20_0;  1 drivers
v0x7fbc5b9161b0_0 .var "clk_generator", 0 0;
v0x7fbc5b916260_0 .var "halt", 0 0;
v0x7fbc5b916310_0 .var "manual_en", 0 0;
S_0x7fbc5b905aa0 .scope module, "inst" "clock_module" 2 6, 3 1 0, S_0x7fbc5b905930;
 .timescale 0 0;
    .port_info 0 /INPUT 1 "clk_generator";
    .port_info 1 /INPUT 1 "manual_en";
    .port_info 2 /INPUT 1 "adv_clk";
    .port_info 3 /INPUT 1 "halt";
    .port_info 4 /OUTPUT 1 "clk";
v0x7fbc5b905cc0_0 .net "adv_clk", 0 0, v0x7fbc5b916070_0;  1 drivers
v0x7fbc5b915d20_0 .var "clk", 0 0;
v0x7fbc5b915dc0_0 .net "clk_generator", 0 0, v0x7fbc5b9161b0_0;  1 drivers
v0x7fbc5b915e70_0 .net "halt", 0 0, v0x7fbc5b916260_0;  1 drivers
v0x7fbc5b915f10_0 .net "manual_en", 0 0, v0x7fbc5b916310_0;  1 drivers
E_0x7fbc5b905c90 .event edge, v0x7fbc5b915e70_0, v0x7fbc5b915f10_0, v0x7fbc5b905cc0_0, v0x7fbc5b915dc0_0;
    .scope S_0x7fbc5b905aa0;
T_0 ;
    %pushi/vec4 0, 0, 1;
    %store/vec4 v0x7fbc5b915d20_0, 0, 1;
    %end;
    .thread T_0;
    .scope S_0x7fbc5b905aa0;
T_1 ;
    %wait E_0x7fbc5b905c90;
    %load/vec4 v0x7fbc5b915e70_0;
    %flag_set/vec4 8;
    %jmp/0xz  T_1.0, 8;
    %pushi/vec4 0, 0, 1;
    %store/vec4 v0x7fbc5b915d20_0, 0, 1;
    %jmp T_1.1;
T_1.0 ;
    %load/vec4 v0x7fbc5b915f10_0;
    %flag_set/vec4 8;
    %jmp/0xz  T_1.2, 8;
    %load/vec4 v0x7fbc5b905cc0_0;
    %flag_set/vec4 8;
    %jmp/0xz  T_1.4, 8;
    %pushi/vec4 1, 0, 1;
    %store/vec4 v0x7fbc5b915d20_0, 0, 1;
    %delay 5, 0;
    %pushi/vec4 0, 0, 1;
    %store/vec4 v0x7fbc5b915d20_0, 0, 1;
    %jmp T_1.5;
T_1.4 ;
    %pushi/vec4 0, 0, 1;
    %store/vec4 v0x7fbc5b915d20_0, 0, 1;
T_1.5 ;
    %jmp T_1.3;
T_1.2 ;
    %load/vec4 v0x7fbc5b915dc0_0;
    %store/vec4 v0x7fbc5b915d20_0, 0, 1;
T_1.3 ;
T_1.1 ;
    %jmp T_1;
    .thread T_1, $push;
    .scope S_0x7fbc5b905930;
T_2 ;
    %pushi/vec4 0, 0, 1;
    %store/vec4 v0x7fbc5b9161b0_0, 0, 1;
    %pushi/vec4 50, 0, 32;
T_2.0 %dup/vec4;
    %pushi/vec4 0, 0, 32;
    %cmp/s;
    %jmp/1xz T_2.1, 5;
    %jmp/1 T_2.1, 4;
    %pushi/vec4 1, 0, 32;
    %sub;
    %delay 5, 0;
    %load/vec4 v0x7fbc5b9161b0_0;
    %inv;
    %store/vec4 v0x7fbc5b9161b0_0, 0, 1;
    %jmp T_2.0;
T_2.1 ;
    %pop/vec4 1;
    %end;
    .thread T_2;
    .scope S_0x7fbc5b905930;
T_3 ;
    %pushi/vec4 0, 0, 1;
    %store/vec4 v0x7fbc5b916310_0, 0, 1;
    %pushi/vec4 0, 0, 1;
    %store/vec4 v0x7fbc5b916260_0, 0, 1;
    %pushi/vec4 0, 0, 1;
    %store/vec4 v0x7fbc5b916070_0, 0, 1;
    %delay 10, 0;
    %pushi/vec4 1, 0, 1;
    %store/vec4 v0x7fbc5b916260_0, 0, 1;
    %delay 10, 0;
    %pushi/vec4 0, 0, 1;
    %store/vec4 v0x7fbc5b916260_0, 0, 1;
    %pushi/vec4 1, 0, 1;
    %store/vec4 v0x7fbc5b916310_0, 0, 1;
    %delay 2, 0;
    %pushi/vec4 1, 0, 1;
    %store/vec4 v0x7fbc5b916070_0, 0, 1;
    %delay 1, 0;
    %pushi/vec4 0, 0, 1;
    %store/vec4 v0x7fbc5b916070_0, 0, 1;
    %delay 2, 0;
    %pushi/vec4 1, 0, 1;
    %store/vec4 v0x7fbc5b916260_0, 0, 1;
    %delay 5, 0;
    %pushi/vec4 1, 0, 1;
    %store/vec4 v0x7fbc5b916070_0, 0, 1;
    %delay 1, 0;
    %pushi/vec4 0, 0, 1;
    %store/vec4 v0x7fbc5b916070_0, 0, 1;
    %end;
    .thread T_3;
    .scope S_0x7fbc5b905930;
T_4 ;
    %vpi_call 2 31 "$dumpvars", 32'sb00000000000000000000000000000000, v0x7fbc5b9161b0_0, v0x7fbc5b916310_0, v0x7fbc5b916070_0, v0x7fbc5b916260_0, v0x7fbc5b916120_0 {0 0 0};
    %end;
    .thread T_4;
# The file index is used to find the file name in the following table.
:file_names 4;
    "N/A";
    "<interactive>";
    "clock_module_tb.v";
    "clock_module.v";
