#! /usr/local/Cellar/icarus-verilog/11.0/bin/vvp
:ivl_version "11.0 (stable)";
:ivl_delay_selection "TYPICAL";
:vpi_time_precision + 0;
:vpi_module "/usr/local/Cellar/icarus-verilog/11.0/lib/ivl/system.vpi";
:vpi_module "/usr/local/Cellar/icarus-verilog/11.0/lib/ivl/vhdl_sys.vpi";
:vpi_module "/usr/local/Cellar/icarus-verilog/11.0/lib/ivl/vhdl_textio.vpi";
:vpi_module "/usr/local/Cellar/icarus-verilog/11.0/lib/ivl/v2005_math.vpi";
:vpi_module "/usr/local/Cellar/icarus-verilog/11.0/lib/ivl/va_math.vpi";
S_0x7fe8f4e04180 .scope module, "alu_tb" "alu_tb" 2 1;
 .timescale 0 0;
v0x7fe8f4e14f50_0 .var "a", 7 0;
v0x7fe8f4e14fe0_0 .net "ans", 7 0, v0x7fe8f4e14760_0;  1 drivers
v0x7fe8f4e15070_0 .var "b", 7 0;
v0x7fe8f4e15120_0 .net "carry", 0 0, v0x7fe8f4e14960_0;  1 drivers
v0x7fe8f4e151d0_0 .var "clk", 0 0;
v0x7fe8f4e152a0_0 .var "clr", 0 0;
v0x7fe8f4e15350_0 .var "en", 0 0;
v0x7fe8f4e15400_0 .var "flag_en", 0 0;
v0x7fe8f4e154b0_0 .net "is_zero", 0 0, v0x7fe8f4e14d30_0;  1 drivers
v0x7fe8f4e155e0_0 .var "sub", 0 0;
S_0x7fe8f4e04300 .scope module, "inst" "alu" 2 8, 3 1 0, S_0x7fe8f4e04180;
 .timescale 0 0;
    .port_info 0 /INPUT 8 "a";
    .port_info 1 /INPUT 8 "b";
    .port_info 2 /INPUT 1 "sub";
    .port_info 3 /INPUT 1 "en";
    .port_info 4 /INPUT 1 "flag_clk";
    .port_info 5 /INPUT 1 "flag_clr";
    .port_info 6 /INPUT 1 "flag_en";
    .port_info 7 /OUTPUT 8 "ans";
    .port_info 8 /OUTPUT 1 "carry";
    .port_info 9 /OUTPUT 1 "is_zero";
v0x7fe8f4e046a0_0 .net "a", 7 0, v0x7fe8f4e14f50_0;  1 drivers
v0x7fe8f4e14760_0 .var "ans", 7 0;
v0x7fe8f4e14800_0 .var/i "ans_wcarry", 31 0;
v0x7fe8f4e148b0_0 .net "b", 7 0, v0x7fe8f4e15070_0;  1 drivers
v0x7fe8f4e14960_0 .var "carry", 0 0;
v0x7fe8f4e14a40_0 .net "en", 0 0, v0x7fe8f4e15350_0;  1 drivers
v0x7fe8f4e14ae0_0 .net "flag_clk", 0 0, v0x7fe8f4e151d0_0;  1 drivers
v0x7fe8f4e14b80_0 .net "flag_clr", 0 0, v0x7fe8f4e152a0_0;  1 drivers
v0x7fe8f4e14c20_0 .net "flag_en", 0 0, v0x7fe8f4e15400_0;  1 drivers
v0x7fe8f4e14d30_0 .var "is_zero", 0 0;
v0x7fe8f4e14dc0_0 .net "sub", 0 0, v0x7fe8f4e155e0_0;  1 drivers
E_0x7fe8f4e04600 .event posedge, v0x7fe8f4e14b80_0, v0x7fe8f4e14ae0_0;
E_0x7fe8f4e04640/0 .event edge, v0x7fe8f4e14dc0_0, v0x7fe8f4e046a0_0, v0x7fe8f4e148b0_0, v0x7fe8f4e14a40_0;
E_0x7fe8f4e04640/1 .event edge, v0x7fe8f4e14800_0;
E_0x7fe8f4e04640 .event/or E_0x7fe8f4e04640/0, E_0x7fe8f4e04640/1;
    .scope S_0x7fe8f4e04300;
T_0 ;
    %wait E_0x7fe8f4e04640;
    %load/vec4 v0x7fe8f4e14dc0_0;
    %dup/vec4;
    %pushi/vec4 1, 0, 1;
    %cmp/u;
    %jmp/1 T_0.0, 6;
    %dup/vec4;
    %pushi/vec4 0, 0, 1;
    %cmp/u;
    %jmp/1 T_0.1, 6;
    %jmp T_0.2;
T_0.0 ;
    %load/vec4 v0x7fe8f4e046a0_0;
    %pad/u 32;
    %load/vec4 v0x7fe8f4e148b0_0;
    %pad/u 32;
    %sub;
    %store/vec4 v0x7fe8f4e14800_0, 0, 32;
    %jmp T_0.2;
T_0.1 ;
    %load/vec4 v0x7fe8f4e046a0_0;
    %pad/u 32;
    %load/vec4 v0x7fe8f4e148b0_0;
    %pad/u 32;
    %add;
    %store/vec4 v0x7fe8f4e14800_0, 0, 32;
    %jmp T_0.2;
T_0.2 ;
    %pop/vec4 1;
    %load/vec4 v0x7fe8f4e14a40_0;
    %flag_set/vec4 8;
    %jmp/0xz  T_0.3, 8;
    %load/vec4 v0x7fe8f4e14800_0;
    %parti/s 8, 0, 2;
    %store/vec4 v0x7fe8f4e14760_0, 0, 8;
    %jmp T_0.4;
T_0.3 ;
    %pushi/vec4 0, 255, 8;
    %store/vec4 v0x7fe8f4e14760_0, 0, 8;
T_0.4 ;
    %jmp T_0;
    .thread T_0, $push;
    .scope S_0x7fe8f4e04300;
T_1 ;
    %wait E_0x7fe8f4e04600;
    %load/vec4 v0x7fe8f4e14b80_0;
    %flag_set/vec4 8;
    %jmp/0xz  T_1.0, 8;
    %pushi/vec4 0, 0, 1;
    %store/vec4 v0x7fe8f4e14960_0, 0, 1;
    %pushi/vec4 0, 0, 1;
    %store/vec4 v0x7fe8f4e14d30_0, 0, 1;
    %jmp T_1.1;
T_1.0 ;
    %load/vec4 v0x7fe8f4e14c20_0;
    %flag_set/vec4 8;
    %jmp/0xz  T_1.2, 8;
    %load/vec4 v0x7fe8f4e14800_0;
    %parti/s 1, 8, 5;
    %store/vec4 v0x7fe8f4e14960_0, 0, 1;
    %load/vec4 v0x7fe8f4e14800_0;
    %pushi/vec4 0, 0, 32;
    %cmp/e;
    %flag_get/vec4 4;
    %store/vec4 v0x7fe8f4e14d30_0, 0, 1;
T_1.2 ;
T_1.1 ;
    %jmp T_1;
    .thread T_1;
    .scope S_0x7fe8f4e04180;
T_2 ;
    %vpi_call 2 11 "$dumpvars", 32'sb00000000000000000000000000000000, v0x7fe8f4e14f50_0, v0x7fe8f4e15070_0, v0x7fe8f4e155e0_0, v0x7fe8f4e15350_0, v0x7fe8f4e151d0_0, v0x7fe8f4e152a0_0, v0x7fe8f4e15400_0, v0x7fe8f4e14fe0_0, v0x7fe8f4e15120_0, v0x7fe8f4e154b0_0 {0 0 0};
    %end;
    .thread T_2;
    .scope S_0x7fe8f4e04180;
T_3 ;
    %pushi/vec4 0, 0, 1;
    %store/vec4 v0x7fe8f4e151d0_0, 0, 1;
    %pushi/vec4 50, 0, 32;
T_3.0 %dup/vec4;
    %pushi/vec4 0, 0, 32;
    %cmp/s;
    %jmp/1xz T_3.1, 5;
    %jmp/1 T_3.1, 4;
    %pushi/vec4 1, 0, 32;
    %sub;
    %delay 5, 0;
    %load/vec4 v0x7fe8f4e151d0_0;
    %inv;
    %store/vec4 v0x7fe8f4e151d0_0, 0, 1;
    %jmp T_3.0;
T_3.1 ;
    %pop/vec4 1;
    %end;
    .thread T_3;
    .scope S_0x7fe8f4e04180;
T_4 ;
    %pushi/vec4 0, 0, 1;
    %store/vec4 v0x7fe8f4e15350_0, 0, 1;
    %pushi/vec4 0, 0, 1;
    %store/vec4 v0x7fe8f4e155e0_0, 0, 1;
    %pushi/vec4 20, 0, 8;
    %store/vec4 v0x7fe8f4e14f50_0, 0, 8;
    %pushi/vec4 10, 0, 8;
    %store/vec4 v0x7fe8f4e15070_0, 0, 8;
    %pushi/vec4 1, 0, 1;
    %store/vec4 v0x7fe8f4e15400_0, 0, 1;
    %pushi/vec4 0, 0, 1;
    %store/vec4 v0x7fe8f4e152a0_0, 0, 1;
    %delay 10, 0;
    %pushi/vec4 1, 0, 1;
    %store/vec4 v0x7fe8f4e15350_0, 0, 1;
    %delay 10, 0;
    %pushi/vec4 0, 0, 1;
    %store/vec4 v0x7fe8f4e15350_0, 0, 1;
    %delay 10, 0;
    %pushi/vec4 1, 0, 1;
    %store/vec4 v0x7fe8f4e15350_0, 0, 1;
    %delay 1, 0;
    %pushi/vec4 1, 0, 1;
    %store/vec4 v0x7fe8f4e155e0_0, 0, 1;
    %delay 10, 0;
    %pushi/vec4 10, 0, 8;
    %store/vec4 v0x7fe8f4e14f50_0, 0, 8;
    %pushi/vec4 20, 0, 8;
    %store/vec4 v0x7fe8f4e15070_0, 0, 8;
    %delay 10, 0;
    %pushi/vec4 20, 0, 8;
    %store/vec4 v0x7fe8f4e14f50_0, 0, 8;
    %pushi/vec4 20, 0, 8;
    %store/vec4 v0x7fe8f4e15070_0, 0, 8;
    %delay 5, 0;
    %pushi/vec4 0, 0, 1;
    %store/vec4 v0x7fe8f4e15400_0, 0, 1;
    %pushi/vec4 127, 0, 8;
    %store/vec4 v0x7fe8f4e14f50_0, 0, 8;
    %pushi/vec4 127, 0, 8;
    %store/vec4 v0x7fe8f4e15070_0, 0, 8;
    %pushi/vec4 0, 0, 1;
    %store/vec4 v0x7fe8f4e155e0_0, 0, 1;
    %delay 10, 0;
    %pushi/vec4 1, 0, 1;
    %store/vec4 v0x7fe8f4e15400_0, 0, 1;
    %delay 10, 0;
    %pushi/vec4 1, 0, 1;
    %store/vec4 v0x7fe8f4e152a0_0, 0, 1;
    %end;
    .thread T_4;
# The file index is used to find the file name in the following table.
:file_names 4;
    "N/A";
    "<interactive>";
    "alu_tb.v";
    "alu.v";
